<?xml version="1.0" encoding="UTF-8"?>
<testng-results skipped="0" failed="0" ignored="0" total="3" passed="3">
  <reporter-output>
  </reporter-output>
  <suite name="Gradle suite" duration-ms="4734" started-at="2023-06-10T17:52:08 BDT" finished-at="2023-06-10T17:52:12 BDT">
    <groups>
      <group name="cucumber">
        <method signature="AbstractTestNGCucumberTests.runScenario(io.cucumber.testng.PickleWrapper, io.cucumber.testng.FeatureWrapper)[pri:0, instance:Runner.APIRunner@61862a7f]" name="runScenario" class="io.cucumber.testng.AbstractTestNGCucumberTests"/>
      </group> <!-- cucumber -->
    </groups>
    <test name="Gradle test" duration-ms="4734" started-at="2023-06-10T17:52:08 BDT" finished-at="2023-06-10T17:52:12 BDT">
      <class name="GetaAPI">
        <test-method status="PASS" signature="getMethodCall()[pri:0, instance:GetaAPI@dbf57b3]" name="getMethodCall" duration-ms="250" started-at="2023-06-10T17:52:11 BDT" finished-at="2023-06-10T17:52:12 BDT">
          <reporter-output>
          </reporter-output>
        </test-method> <!-- getMethodCall -->
      </class> <!-- GetaAPI -->
      <class name="PostAPI">
        <test-method status="PASS" signature="postMethodCall2()[pri:0, instance:PostAPI@384ad17b]" name="postMethodCall2" duration-ms="746" started-at="2023-06-10T17:52:12 BDT" finished-at="2023-06-10T17:52:12 BDT">
          <reporter-output>
          </reporter-output>
        </test-method> <!-- postMethodCall2 -->
      </class> <!-- PostAPI -->
      <class name="Runner.APIRunner">
        <test-method status="PASS" signature="setUpClass()[pri:0, instance:Runner.APIRunner@61862a7f]" name="setUpClass" is-config="true" duration-ms="683" started-at="2023-06-10T17:52:08 BDT" finished-at="2023-06-10T17:52:08 BDT">
          <reporter-output>
          </reporter-output>
        </test-method> <!-- setUpClass -->
        <test-method status="PASS" signature="runScenario(io.cucumber.testng.PickleWrapper, io.cucumber.testng.FeatureWrapper)[pri:0, instance:Runner.APIRunner@61862a7f]" name="runScenario" duration-ms="2937" started-at="2023-06-10T17:52:08 BDT" description="Runs Cucumber Scenarios" data-provider="scenarios" finished-at="2023-06-10T17:52:11 BDT">
          <params>
            <param index="0">
              <value>
                <![CDATA["check user registration successfully or not"]]>
              </value>
            </param>
            <param index="1">
              <value>
                <![CDATA["Optional[User registration]"]]>
              </value>
            </param>
          </params>
          <reporter-output>
          </reporter-output>
        </test-method> <!-- runScenario -->
        <test-method status="PASS" signature="tearDownClass()[pri:0, instance:Runner.APIRunner@61862a7f]" name="tearDownClass" is-config="true" duration-ms="71" started-at="2023-06-10T17:52:11 BDT" finished-at="2023-06-10T17:52:11 BDT">
          <reporter-output>
          </reporter-output>
        </test-method> <!-- tearDownClass -->
      </class> <!-- Runner.APIRunner -->
    </test> <!-- Gradle test -->
  </suite> <!-- Gradle suite -->
</testng-results>
